<?xml version="1.0" encoding="UTF-8"?>
<!-- Generated by org.testng.reporters.JUnitXMLReporter -->
<testsuite ignored="0" hostname="DESKTOP-D5OBL1K" failures="0" tests="3" name="Alert Window Tests" time="33.448" errors="0" timestamp="07 Aug 2022 12:07:06 GMT">
  <testcase classname="tests.AlertWindowTest" name="alertWithOk" time="4.141"/>
  <testcase classname="tests.AlertWindowTest" name="alertWithOkNCancel" time="6.195"/>
  <testcase classname="tests.AlertWindowTest" name="alertWithTextBox" time="10.233"/>
</testsuite> <!-- Alert Window Tests -->
