<?xml version="1.0" encoding="UTF-8"?>
<!-- Generated by org.testng.reporters.JUnitXMLReporter -->
<testsuite ignored="0" hostname="DESKTOP-D5OBL1K" failures="0" tests="4" name="Windows Switch Tests" time="34.519" errors="0" timestamp="07 Aug 2022 12:07:47 GMT">
  <testcase classname="tests.WindowsSwitchTest" name="navigateTest" time="14.747"/>
  <testcase classname="tests.WindowsSwitchTest" name="tabbedWindowsTest" time="7.133"/>
  <testcase classname="tests.WindowsSwitchTest" name="seperateWindowsTest" time="4.02"/>
  <testcase classname="tests.WindowsSwitchTest" name="multipleWindowsTest" time="4.0"/>
</testsuite> <!-- Windows Switch Tests -->
