<?xml version="1.0" encoding="UTF-8"?>
<!-- Generated by org.testng.reporters.JUnitXMLReporter -->
<testsuite ignored="0" hostname="DESKTOP-D5OBL1K" failures="0" tests="4" name="Default test" time="33.186" errors="0" timestamp="05 Aug 2022 10:08:04 GMT">
  <testcase classname="tests.WindowsSwitchTest" name="navigateTest" time="14.533"/>
  <testcase classname="tests.WindowsSwitchTest" name="tabbedWindowsTest" time="6.468"/>
  <testcase classname="tests.WindowsSwitchTest" name="seperateWindowsTest" time="3.696"/>
  <testcase classname="tests.WindowsSwitchTest" name="multipleWindowsTest" time="3.492"/>
</testsuite> <!-- Default test -->
