<?xml version="1.0" encoding="UTF-8"?>
<!-- Generated by org.testng.reporters.JUnitXMLReporter -->
<testsuite ignored="0" hostname="DESKTOP-D5OBL1K" failures="1" tests="1" name="Firsttest" time="1.577" errors="0" timestamp="2022-07-22T07:23:08 IST">
  <testcase classname="sdet.training.UserRegistrationTest" name="UserRegistration" time="1.542">
    <failure type="java.io.FileNotFoundException" message="C:\Users\anilc\selenium_training\SDETAssignment\training\src\main\java\resources\register.properties (The system cannot find the path specified)">
      <![CDATA[java.io.FileNotFoundException: C:\Users\anilc\selenium_training\SDETAssignment\training\src\main\java\resources\register.properties (The system cannot find the path specified)
at java.base/java.io.FileInputStream.open0(Native Method)
at java.base/java.io.FileInputStream.open(FileInputStream.java:216)
at java.base/java.io.FileInputStream.<init>(FileInputStream.java:157)
at java.base/java.io.FileInputStream.<init>(FileInputStream.java:111)
at commonutilities.CommonMethods.readWebElementLocators(CommonMethods.java:133)
at pageObjects.RegisterPage.<init>(RegisterPage.java:134)
at sdet.training.UserRegistrationTest.UserRegistration(UserRegistrationTest.java:19)
at java.base/java.util.ArrayList.forEach(ArrayList.java:1511)
... Removed 27 stack frames]]>
    </failure>
  </testcase> <!-- UserRegistration -->
</testsuite> <!-- Firsttest -->
