<?xml version="1.0" encoding="UTF-8"?>
<testng-results ignored="0" total="6" passed="5" failed="1" skipped="0">
  <reporter-output>
  </reporter-output>
  <suite started-at="2022-08-03T08:46:19Z" name="RegressionSuite" finished-at="2022-08-03T08:47:28Z" duration-ms="68725">
    <groups>
      <group name="Regression">
        <method signature="UserRegistrationTest.UserRegistration()[pri:0, instance:tests.UserRegistrationTest@47c81abf]" name="UserRegistration" class="tests.UserRegistrationTest"/>
      </group> <!-- Regression -->
    </groups>
    <test started-at="2022-08-03T08:46:19Z" name="RegressionTests" finished-at="2022-08-03T08:47:28Z" duration-ms="68725">
      <class name="tests.UserRegistrationTest">
        <test-method signature="UserRegistration()[pri:0, instance:tests.UserRegistrationTest@47c81abf]" started-at="2022-08-03T14:16:29Z" name="UserRegistration" finished-at="2022-08-03T14:16:47Z" duration-ms="17460" status="PASS">
          <reporter-output>
          </reporter-output>
        </test-method> <!-- UserRegistration -->
      </class> <!-- tests.UserRegistrationTest -->
      <class name="tests.AlertWindowTest">
        <test-method is-config="true" signature="startsuite()[pri:0, instance:tests.AlertWindowTest@4bff7da0]" started-at="2022-08-03T14:16:19Z" name="startsuite" finished-at="2022-08-03T14:16:19Z" duration-ms="168" status="PASS">
          <reporter-output>
          </reporter-output>
        </test-method> <!-- startsuite -->
        <test-method is-config="true" signature="startsuite()[pri:0, instance:tests.DatePickerTest@3f1d2e23]" started-at="2022-08-03T14:16:19Z" name="startsuite" finished-at="2022-08-03T14:16:19Z" duration-ms="2" status="PASS">
          <reporter-output>
          </reporter-output>
        </test-method> <!-- startsuite -->
        <test-method is-config="true" signature="startsuite()[pri:0, instance:tests.FrameWindowTest@536dbea0]" started-at="2022-08-03T14:16:19Z" name="startsuite" finished-at="2022-08-03T14:16:19Z" duration-ms="2" status="PASS">
          <reporter-output>
          </reporter-output>
        </test-method> <!-- startsuite -->
        <test-method is-config="true" signature="setup()[pri:0, instance:tests.AlertWindowTest@4bff7da0]" started-at="2022-08-03T14:16:47Z" name="setup" finished-at="2022-08-03T14:16:49Z" duration-ms="2799" status="PASS">
          <reporter-output>
          </reporter-output>
        </test-method> <!-- setup -->
        <test-method is-config="true" signature="starclass()[pri:0, instance:tests.AlertWindowTest@4bff7da0]" started-at="2022-08-03T14:16:47Z" name="starclass" finished-at="2022-08-03T14:16:47Z" duration-ms="0" status="PASS">
          <reporter-output>
          </reporter-output>
        </test-method> <!-- starclass -->
        <test-method signature="alertWithOk()[pri:1, instance:tests.AlertWindowTest@4bff7da0]" started-at="2022-08-03T14:16:49Z" name="alertWithOk" finished-at="2022-08-03T14:16:53Z" duration-ms="4106" status="PASS">
          <reporter-output>
          </reporter-output>
        </test-method> <!-- alertWithOk -->
        <test-method is-config="true" signature="cleanup()[pri:0, instance:tests.AlertWindowTest@4bff7da0]" started-at="2022-08-03T14:16:53Z" name="cleanup" finished-at="2022-08-03T14:16:54Z" duration-ms="311" status="PASS">
          <reporter-output>
          </reporter-output>
        </test-method> <!-- cleanup -->
        <test-method is-config="true" signature="setup()[pri:0, instance:tests.AlertWindowTest@4bff7da0]" started-at="2022-08-03T14:17:01Z" name="setup" finished-at="2022-08-03T14:17:04Z" duration-ms="3052" status="PASS">
          <reporter-output>
          </reporter-output>
        </test-method> <!-- setup -->
        <test-method signature="alertWithOkNCancel()[pri:2, instance:tests.AlertWindowTest@4bff7da0]" started-at="2022-08-03T14:17:04Z" name="alertWithOkNCancel" finished-at="2022-08-03T14:17:10Z" duration-ms="6164" status="PASS">
          <reporter-output>
          </reporter-output>
        </test-method> <!-- alertWithOkNCancel -->
        <test-method is-config="true" signature="cleanup()[pri:0, instance:tests.AlertWindowTest@4bff7da0]" started-at="2022-08-03T14:17:10Z" name="cleanup" finished-at="2022-08-03T14:17:14Z" duration-ms="4202" status="PASS">
          <reporter-output>
          </reporter-output>
        </test-method> <!-- cleanup -->
        <test-method is-config="true" signature="setup()[pri:0, instance:tests.AlertWindowTest@4bff7da0]" started-at="2022-08-03T14:17:14Z" name="setup" finished-at="2022-08-03T14:17:17Z" duration-ms="3181" status="PASS">
          <reporter-output>
          </reporter-output>
        </test-method> <!-- setup -->
        <test-method signature="alertWithTextBox()[pri:3, instance:tests.AlertWindowTest@4bff7da0]" started-at="2022-08-03T14:17:17Z" name="alertWithTextBox" finished-at="2022-08-03T14:17:28Z" duration-ms="10209" status="PASS">
          <reporter-output>
          </reporter-output>
        </test-method> <!-- alertWithTextBox -->
        <test-method is-config="true" signature="cleanup()[pri:0, instance:tests.AlertWindowTest@4bff7da0]" started-at="2022-08-03T14:17:28Z" name="cleanup" finished-at="2022-08-03T14:17:28Z" duration-ms="331" status="PASS">
          <reporter-output>
          </reporter-output>
        </test-method> <!-- cleanup -->
        <test-method is-config="true" signature="afterclass()[pri:0, instance:tests.AlertWindowTest@4bff7da0]" started-at="2022-08-03T14:17:28Z" name="afterclass" finished-at="2022-08-03T14:17:28Z" duration-ms="0" status="PASS">
          <reporter-output>
          </reporter-output>
        </test-method> <!-- afterclass -->
        <test-method is-config="true" signature="endsuite()[pri:0, instance:tests.AlertWindowTest@4bff7da0]" started-at="2022-08-03T14:17:28Z" name="endsuite" finished-at="2022-08-03T14:17:28Z" duration-ms="194" status="PASS">
          <reporter-output>
          </reporter-output>
        </test-method> <!-- endsuite -->
        <test-method is-config="true" signature="endsuite()[pri:0, instance:tests.DatePickerTest@3f1d2e23]" started-at="2022-08-03T14:17:28Z" name="endsuite" finished-at="2022-08-03T14:17:28Z" duration-ms="32" status="PASS">
          <reporter-output>
          </reporter-output>
        </test-method> <!-- endsuite -->
        <test-method is-config="true" signature="endsuite()[pri:0, instance:tests.FrameWindowTest@536dbea0]" started-at="2022-08-03T14:17:28Z" name="endsuite" finished-at="2022-08-03T14:17:28Z" duration-ms="31" status="PASS">
          <reporter-output>
          </reporter-output>
        </test-method> <!-- endsuite -->
      </class> <!-- tests.AlertWindowTest -->
      <class name="tests.FrameWindowTest">
        <test-method is-config="true" signature="starclass()[pri:0, instance:tests.FrameWindowTest@536dbea0]" started-at="2022-08-03T14:16:19Z" name="starclass" finished-at="2022-08-03T14:16:19Z" duration-ms="1" status="PASS">
          <reporter-output>
          </reporter-output>
        </test-method> <!-- starclass -->
        <test-method is-config="true" signature="setup()[pri:0, instance:tests.FrameWindowTest@536dbea0]" started-at="2022-08-03T14:16:19Z" name="setup" finished-at="2022-08-03T14:16:24Z" duration-ms="4256" status="PASS">
          <reporter-output>
          </reporter-output>
        </test-method> <!-- setup -->
        <test-method signature="frameTest()[pri:0, instance:tests.FrameWindowTest@536dbea0]" started-at="2022-08-03T14:16:24Z" name="frameTest" finished-at="2022-08-03T14:16:29Z" duration-ms="5243" status="FAIL">
          <exception class="org.openqa.selenium.NoSuchElementException">
            <message>
              <![CDATA[no such element: Unable to locate element: {"method":"css selector","selector":"#dismiss-button"}  (Session info: chrome=103.0.5060.134)For documentation on this error, please visit: http://seleniumhq.org/exceptions/no_such_element.htmlBuild info: version: '3.5.3', revision: 'a88d25fe6b', time: '2017-08-29T12:42:44.417Z'System info: host: 'DESKTOP-D5OBL1K', ip: '192.168.1.162', os.name: 'Windows 10', os.arch: 'amd64', os.version: '10.0', java.version: '17.0.1'Driver info: org.openqa.selenium.chrome.ChromeDriverCapabilities [{networkConnectionEnabled=false, chrome={chromedriverVersion=103.0.5060.53 (a1711811edd74ff1cf2150f36ffa3b0dae40b17f-refs/branch-heads/5060@{#853}), userDataDir=C:\Users\anilc\AppData\Local\Temp\scoped_dir3540_1782413506}, timeouts={implicit=0, pageLoad=300000, script=30000}, pageLoadStrategy=normal, unhandledPromptBehavior=dismiss and notify, strictFileInteractability=false, platform=XP, proxy=Proxy(), goog:chromeOptions={debuggerAddress=localhost:54453}, webauthn:extension:credBlob=true, acceptInsecureCerts=false, browserVersion=103.0.5060.134, browserName=chrome, javascriptEnabled=true, platformName=XP, setWindowRect=true, webauthn:extension:largeBlob=true, webauthn:virtualAuthenticators=true}]Session ID: fc00f6962c1990a1b94b6aa0144c69ff*** Element info: {Using=css selector, value=#dismiss-button}]]>
            </message>
            <full-stacktrace>
              <![CDATA[org.openqa.selenium.NoSuchElementException: no such element: Unable to locate element: {"method":"css selector","selector":"#dismiss-button"}  (Session info: chrome=103.0.5060.134)For documentation on this error, please visit: http://seleniumhq.org/exceptions/no_such_element.htmlBuild info: version: '3.5.3', revision: 'a88d25fe6b', time: '2017-08-29T12:42:44.417Z'System info: host: 'DESKTOP-D5OBL1K', ip: '192.168.1.162', os.name: 'Windows 10', os.arch: 'amd64', os.version: '10.0', java.version: '17.0.1'Driver info: org.openqa.selenium.chrome.ChromeDriverCapabilities [{networkConnectionEnabled=false, chrome={chromedriverVersion=103.0.5060.53 (a1711811edd74ff1cf2150f36ffa3b0dae40b17f-refs/branch-heads/5060@{#853}), userDataDir=C:\Users\anilc\AppData\Local\Temp\scoped_dir3540_1782413506}, timeouts={implicit=0, pageLoad=300000, script=30000}, pageLoadStrategy=normal, unhandledPromptBehavior=dismiss and notify, strictFileInteractability=false, platform=XP, proxy=Proxy(), goog:chromeOptions={debuggerAddress=localhost:54453}, webauthn:extension:credBlob=true, acceptInsecureCerts=false, browserVersion=103.0.5060.134, browserName=chrome, javascriptEnabled=true, platformName=XP, setWindowRect=true, webauthn:extension:largeBlob=true, webauthn:virtualAuthenticators=true}]Session ID: fc00f6962c1990a1b94b6aa0144c69ff*** Element info: {Using=css selector, value=#dismiss-button}at java.base/jdk.internal.reflect.NativeConstructorAccessorImpl.newInstance0(Native Method)at java.base/jdk.internal.reflect.NativeConstructorAccessorImpl.newInstance(NativeConstructorAccessorImpl.java:77)at java.base/jdk.internal.reflect.DelegatingConstructorAccessorImpl.newInstance(DelegatingConstructorAccessorImpl.java:45)at java.base/java.lang.reflect.Constructor.newInstanceWithCaller(Constructor.java:499)at java.base/java.lang.reflect.Constructor.newInstance(Constructor.java:480)at org.openqa.selenium.remote.http.W3CHttpResponseCodec.createException(W3CHttpResponseCodec.java:185)at org.openqa.selenium.remote.http.W3CHttpResponseCodec.decode(W3CHttpResponseCodec.java:120)at org.openqa.selenium.remote.http.W3CHttpResponseCodec.decode(W3CHttpResponseCodec.java:49)at org.openqa.selenium.remote.HttpCommandExecutor.execute(HttpCommandExecutor.java:164)at org.openqa.selenium.remote.service.DriverCommandExecutor.execute(DriverCommandExecutor.java:82)at org.openqa.selenium.remote.RemoteWebDriver.execute(RemoteWebDriver.java:646)at org.openqa.selenium.remote.RemoteWebDriver.findElement(RemoteWebDriver.java:416)at org.openqa.selenium.remote.RemoteWebDriver.findElementByCssSelector(RemoteWebDriver.java:510)at org.openqa.selenium.By$ByCssSelector.findElement(By.java:430)at org.openqa.selenium.remote.RemoteWebDriver.findElement(RemoteWebDriver.java:408)at org.openqa.selenium.support.pagefactory.DefaultElementLocator.findElement(DefaultElementLocator.java:69)at org.openqa.selenium.support.pagefactory.internal.LocatingElementHandler.invoke(LocatingElementHandler.java:38)at jdk.proxy2/jdk.proxy2.$Proxy21.click(Unknown Source)at pageObjects.FramePage.frameTestOption1(FramePage.java:37)at tests.FrameWindowTest.frameTest(FrameWindowTest.java:57)at java.base/jdk.internal.reflect.NativeMethodAccessorImpl.invoke0(Native Method)at java.base/jdk.internal.reflect.NativeMethodAccessorImpl.invoke(NativeMethodAccessorImpl.java:77)at java.base/jdk.internal.reflect.DelegatingMethodAccessorImpl.invoke(DelegatingMethodAccessorImpl.java:43)at java.base/java.lang.reflect.Method.invoke(Method.java:568)at org.testng.internal.MethodInvocationHelper.invokeMethod(MethodInvocationHelper.java:124)at org.testng.internal.Invoker.invokeMethod(Invoker.java:571)at org.testng.internal.Invoker.invokeTestMethod(Invoker.java:707)at org.testng.internal.Invoker.invokeTestMethods(Invoker.java:979)at org.testng.internal.TestMethodWorker.invokeTestMethods(TestMethodWorker.java:125)at org.testng.internal.TestMethodWorker.run(TestMethodWorker.java:109)at org.testng.TestRunner.privateRun(TestRunner.java:648)at org.testng.TestRunner.run(TestRunner.java:505)at org.testng.SuiteRunner.runTest(SuiteRunner.java:455)at org.testng.SuiteRunner.runSequentially(SuiteRunner.java:450)at org.testng.SuiteRunner.privateRun(SuiteRunner.java:415)at org.testng.SuiteRunner.run(SuiteRunner.java:364)at org.testng.SuiteRunnerWorker.runSuite(SuiteRunnerWorker.java:52)at org.testng.SuiteRunnerWorker.run(SuiteRunnerWorker.java:84)at org.testng.TestNG.runSuitesSequentially(TestNG.java:1187)at org.testng.TestNG.runSuitesLocally(TestNG.java:1116)at org.testng.TestNG.runSuites(TestNG.java:1028)at org.testng.TestNG.run(TestNG.java:996)at org.testng.remote.AbstractRemoteTestNG.run(AbstractRemoteTestNG.java:115)at org.testng.remote.RemoteTestNG.initAndRun(RemoteTestNG.java:251)at org.testng.remote.RemoteTestNG.main(RemoteTestNG.java:77)]]>
            </full-stacktrace>
          </exception> <!-- org.openqa.selenium.NoSuchElementException -->
          <reporter-output>
          </reporter-output>
        </test-method> <!-- frameTest -->
        <test-method is-config="true" signature="cleanup()[pri:0, instance:tests.FrameWindowTest@536dbea0]" started-at="2022-08-03T14:16:29Z" name="cleanup" finished-at="2022-08-03T14:16:29Z" duration-ms="317" status="PASS">
          <reporter-output>
          </reporter-output>
        </test-method> <!-- cleanup -->
        <test-method is-config="true" signature="afterclass()[pri:0, instance:tests.FrameWindowTest@536dbea0]" started-at="2022-08-03T14:16:29Z" name="afterclass" finished-at="2022-08-03T14:16:29Z" duration-ms="0" status="PASS">
          <reporter-output>
          </reporter-output>
        </test-method> <!-- afterclass -->
      </class> <!-- tests.FrameWindowTest -->
      <class name="tests.DatePickerTest">
        <test-method is-config="true" signature="starclass()[pri:0, instance:tests.DatePickerTest@3f1d2e23]" started-at="2022-08-03T14:16:54Z" name="starclass" finished-at="2022-08-03T14:16:54Z" duration-ms="1" status="PASS">
          <reporter-output>
          </reporter-output>
        </test-method> <!-- starclass -->
        <test-method is-config="true" signature="setup()[pri:0, instance:tests.DatePickerTest@3f1d2e23]" started-at="2022-08-03T14:16:54Z" name="setup" finished-at="2022-08-03T14:16:57Z" duration-ms="3488" status="PASS">
          <reporter-output>
          </reporter-output>
        </test-method> <!-- setup -->
        <test-method signature="pickDatefromCalender()[pri:1, instance:tests.DatePickerTest@3f1d2e23]" started-at="2022-08-03T14:16:57Z" name="pickDatefromCalender" finished-at="2022-08-03T14:17:01Z" duration-ms="3307" status="PASS">
          <reporter-output>
          </reporter-output>
        </test-method> <!-- pickDatefromCalender -->
        <test-method is-config="true" signature="cleanup()[pri:0, instance:tests.DatePickerTest@3f1d2e23]" started-at="2022-08-03T14:17:01Z" name="cleanup" finished-at="2022-08-03T14:17:01Z" duration-ms="267" status="PASS">
          <reporter-output>
          </reporter-output>
        </test-method> <!-- cleanup -->
        <test-method is-config="true" signature="afterclass()[pri:0, instance:tests.DatePickerTest@3f1d2e23]" started-at="2022-08-03T14:17:01Z" name="afterclass" finished-at="2022-08-03T14:17:01Z" duration-ms="0" status="PASS">
          <reporter-output>
          </reporter-output>
        </test-method> <!-- afterclass -->
      </class> <!-- tests.DatePickerTest -->
    </test> <!-- RegressionTests -->
  </suite> <!-- RegressionSuite -->
</testng-results>
