<?xml version="1.0" encoding="UTF-8"?>
<testng-results ignored="0" total="4" passed="4" failed="0" skipped="0">
  <reporter-output>
  </reporter-output>
  <suite started-at="2022-08-05T10:10:10Z" name="RegressionSuite" finished-at="2022-08-05T10:10:56Z" duration-ms="46706">
    <groups>
      <group name="Regression">
        <method signature="UserRegistrationTest.UserRegistration()[pri:0, instance:tests.UserRegistrationTest@4c5ae43b]" name="UserRegistration" class="tests.UserRegistrationTest"/>
      </group> <!-- Regression -->
    </groups>
    <test started-at="2022-08-05T10:10:10Z" name="RegressionTests" finished-at="2022-08-05T10:10:56Z" duration-ms="46706">
      <class name="tests.WindowsSwitchTest">
        <test-method is-config="true" signature="starclass()[pri:0, instance:tests.WindowsSwitchTest@33f676f6]" started-at="2022-08-05T15:40:34Z" name="starclass" finished-at="2022-08-05T15:40:34Z" duration-ms="0" status="PASS">
          <reporter-output>
          </reporter-output>
        </test-method> <!-- starclass -->
        <test-method is-config="true" signature="setup()[pri:0, instance:tests.WindowsSwitchTest@33f676f6]" started-at="2022-08-05T15:40:34Z" name="setup" finished-at="2022-08-05T15:40:34Z" duration-ms="776" status="PASS">
          <reporter-output>
          </reporter-output>
        </test-method> <!-- setup -->
        <test-method signature="navigateTest()[pri:0, instance:tests.WindowsSwitchTest@33f676f6]" started-at="2022-08-05T15:40:34Z" name="navigateTest" finished-at="2022-08-05T15:40:49Z" duration-ms="14298" status="PASS">
          <reporter-output>
          </reporter-output>
        </test-method> <!-- navigateTest -->
        <test-method is-config="true" signature="cleanup()[pri:0, instance:tests.WindowsSwitchTest@33f676f6]" started-at="2022-08-05T15:40:49Z" name="cleanup" finished-at="2022-08-05T15:40:49Z" duration-ms="255" status="PASS">
          <reporter-output>
          </reporter-output>
        </test-method> <!-- cleanup -->
      </class> <!-- tests.WindowsSwitchTest -->
      <class name="tests.UserRegistrationTest">
        <test-method signature="UserRegistration()[pri:0, instance:tests.UserRegistrationTest@4c5ae43b]" started-at="2022-08-05T15:40:10Z" name="UserRegistration" finished-at="2022-08-05T15:40:27Z" duration-ms="17670" status="PASS">
          <reporter-output>
          </reporter-output>
        </test-method> <!-- UserRegistration -->
      </class> <!-- tests.UserRegistrationTest -->
      <class name="tests.FrameWindowTest">
        <test-method is-config="true" signature="setup()[pri:0, instance:tests.FrameWindowTest@1cf56a1c]" started-at="2022-08-05T15:40:27Z" name="setup" finished-at="2022-08-05T15:40:31Z" duration-ms="3404" status="PASS">
          <reporter-output>
          </reporter-output>
        </test-method> <!-- setup -->
        <test-method is-config="true" signature="starclass()[pri:0, instance:tests.FrameWindowTest@1cf56a1c]" started-at="2022-08-05T15:40:27Z" name="starclass" finished-at="2022-08-05T15:40:27Z" duration-ms="0" status="PASS">
          <reporter-output>
          </reporter-output>
        </test-method> <!-- starclass -->
        <test-method signature="frameTest()[pri:0, instance:tests.FrameWindowTest@1cf56a1c]" started-at="2022-08-05T15:40:31Z" name="frameTest" finished-at="2022-08-05T15:40:33Z" duration-ms="2519" status="PASS">
          <reporter-output>
          </reporter-output>
        </test-method> <!-- frameTest -->
        <test-method is-config="true" signature="cleanup()[pri:0, instance:tests.FrameWindowTest@1cf56a1c]" started-at="2022-08-05T15:40:33Z" name="cleanup" finished-at="2022-08-05T15:40:34Z" duration-ms="291" status="PASS">
          <reporter-output>
          </reporter-output>
        </test-method> <!-- cleanup -->
        <test-method is-config="true" signature="afterclass()[pri:0, instance:tests.FrameWindowTest@1cf56a1c]" started-at="2022-08-05T15:40:34Z" name="afterclass" finished-at="2022-08-05T15:40:34Z" duration-ms="1" status="PASS">
          <reporter-output>
          </reporter-output>
        </test-method> <!-- afterclass -->
      </class> <!-- tests.FrameWindowTest -->
      <class name="tests.AlertWindowTest">
        <test-method is-config="true" signature="startsuite()[pri:0, instance:tests.AlertWindowTest@3cce57c7]" started-at="2022-08-05T15:40:09Z" name="startsuite" finished-at="2022-08-05T15:40:10Z" duration-ms="157" status="PASS">
          <reporter-output>
          </reporter-output>
        </test-method> <!-- startsuite -->
        <test-method is-config="true" signature="startsuite()[pri:0, instance:tests.DatePickerTest@18ece7f4]" started-at="2022-08-05T15:40:10Z" name="startsuite" finished-at="2022-08-05T15:40:10Z" duration-ms="3" status="PASS">
          <reporter-output>
          </reporter-output>
        </test-method> <!-- startsuite -->
        <test-method is-config="true" signature="startsuite()[pri:0, instance:tests.FrameWindowTest@1cf56a1c]" started-at="2022-08-05T15:40:10Z" name="startsuite" finished-at="2022-08-05T15:40:10Z" duration-ms="3" status="PASS">
          <reporter-output>
          </reporter-output>
        </test-method> <!-- startsuite -->
        <test-method is-config="true" signature="startsuite()[pri:0, instance:tests.WindowsSwitchTest@33f676f6]" started-at="2022-08-05T15:40:10Z" name="startsuite" finished-at="2022-08-05T15:40:10Z" duration-ms="3" status="PASS">
          <reporter-output>
          </reporter-output>
        </test-method> <!-- startsuite -->
        <test-method is-config="true" signature="endsuite()[pri:0, instance:tests.AlertWindowTest@3cce57c7]" started-at="2022-08-05T15:40:56Z" name="endsuite" finished-at="2022-08-05T15:40:57Z" duration-ms="203" status="PASS">
          <reporter-output>
          </reporter-output>
        </test-method> <!-- endsuite -->
        <test-method is-config="true" signature="endsuite()[pri:0, instance:tests.DatePickerTest@18ece7f4]" started-at="2022-08-05T15:40:57Z" name="endsuite" finished-at="2022-08-05T15:40:57Z" duration-ms="34" status="PASS">
          <reporter-output>
          </reporter-output>
        </test-method> <!-- endsuite -->
        <test-method is-config="true" signature="endsuite()[pri:0, instance:tests.FrameWindowTest@1cf56a1c]" started-at="2022-08-05T15:40:57Z" name="endsuite" finished-at="2022-08-05T15:40:57Z" duration-ms="29" status="PASS">
          <reporter-output>
          </reporter-output>
        </test-method> <!-- endsuite -->
        <test-method is-config="true" signature="endsuite()[pri:0, instance:tests.WindowsSwitchTest@33f676f6]" started-at="2022-08-05T15:40:57Z" name="endsuite" finished-at="2022-08-05T15:40:57Z" duration-ms="30" status="PASS">
          <reporter-output>
          </reporter-output>
        </test-method> <!-- endsuite -->
      </class> <!-- tests.AlertWindowTest -->
      <class name="tests.DatePickerTest">
        <test-method is-config="true" signature="setup()[pri:0, instance:tests.DatePickerTest@18ece7f4]" started-at="2022-08-05T15:40:49Z" name="setup" finished-at="2022-08-05T15:40:52Z" duration-ms="3194" status="PASS">
          <reporter-output>
          </reporter-output>
        </test-method> <!-- setup -->
        <test-method is-config="true" signature="starclass()[pri:0, instance:tests.DatePickerTest@18ece7f4]" started-at="2022-08-05T15:40:49Z" name="starclass" finished-at="2022-08-05T15:40:49Z" duration-ms="0" status="PASS">
          <reporter-output>
          </reporter-output>
        </test-method> <!-- starclass -->
        <test-method signature="pickDatefromCalender()[pri:1, instance:tests.DatePickerTest@18ece7f4]" started-at="2022-08-05T15:40:52Z" name="pickDatefromCalender" finished-at="2022-08-05T15:40:56Z" duration-ms="3958" status="PASS">
          <reporter-output>
          </reporter-output>
        </test-method> <!-- pickDatefromCalender -->
        <test-method is-config="true" signature="cleanup()[pri:0, instance:tests.DatePickerTest@18ece7f4]" started-at="2022-08-05T15:40:56Z" name="cleanup" finished-at="2022-08-05T15:40:56Z" duration-ms="308" status="PASS">
          <reporter-output>
          </reporter-output>
        </test-method> <!-- cleanup -->
        <test-method is-config="true" signature="afterclass()[pri:0, instance:tests.DatePickerTest@18ece7f4]" started-at="2022-08-05T15:40:56Z" name="afterclass" finished-at="2022-08-05T15:40:56Z" duration-ms="0" status="PASS">
          <reporter-output>
          </reporter-output>
        </test-method> <!-- afterclass -->
      </class> <!-- tests.DatePickerTest -->
    </test> <!-- RegressionTests -->
  </suite> <!-- RegressionSuite -->
</testng-results>
